android/app/build/intermediates/manifest_merge_blame_file/release/manifest-merger-blame-release-report.txt
1<?xml version="1.0" encoding="utf-8"?>
2<manifest xmlns:android="http://schemas.android.com/apk/res/android"
3    package="com.testApp_test"
4    android:versionCode="2"
5    android:versionName="1.02" >
6
7    <uses-sdk
8        android:minSdkVersion="23"
9        android:targetSdkVersion="34" />
10
11    <uses-permission android:name="android.permission.INTERNET" />
11-->src/main/AndroidManifest.xml:3:5-67
11-->src/main/AndroidManifest.xml:3:22-64
12    <uses-permission android:name="android.permission.WRITE_CONTACTS" />
12-->src/main/AndroidManifest.xml:4:5-73
12-->src/main/AndroidManifest.xml:4:22-70
13    <uses-permission android:name="android.permission.READ_CONTACTS" />
13-->src/main/AndroidManifest.xml:5:5-72
13-->src/main/AndroidManifest.xml:5:22-69
14    <uses-permission android:name="android.permission.VIBRATE" />
14-->src/main/AndroidManifest.xml:6:5-65
14-->src/main/AndroidManifest.xml:6:22-63
15
16    <permission
16-->[androidx.core:core:1.9.0] AndroidManifest.xml:22:5-24:47
17        android:name="com.testApp_test.DYNAMIC_RECEIVER_NOT_EXPORTED_PERMISSION"
17-->[androidx.core:core:1.9.0] AndroidManifest.xml:23:9-81
18        android:protectionLevel="signature" />
18-->[androidx.core:core:1.9.0] AndroidManifest.xml:24:9-44
19
20    <uses-permission android:name="com.testApp_test.DYNAMIC_RECEIVER_NOT_EXPORTED_PERMISSION" />
20-->[androidx.core:core:1.9.0] AndroidManifest.xml:26:5-97
20-->[androidx.core:core:1.9.0] AndroidManifest.xml:26:22-94
21    <!--
22 <uses-permission android:name="android.permission.READ_PHONE_STATE" android:maxSdkVersion="29" />
23    <uses-permission android:name="android.permission.READ_PHONE_NUMBERS" />
24    -->
25    <application
25-->src/main/AndroidManifest.xml:13:5-32:19
26        android:name="com.testApp_test.MainApplication"
26-->src/main/AndroidManifest.xml:14:7-38
27        android:allowBackup="false"
27-->src/main/AndroidManifest.xml:18:7-34
28        android:appComponentFactory="androidx.core.app.CoreComponentFactory"
28-->[androidx.core:core:1.9.0] AndroidManifest.xml:28:18-86
29        android:extractNativeLibs="false"
30        android:icon="@mipmap/ic_launcher"
30-->src/main/AndroidManifest.xml:16:7-41
31        android:label="@string/app_name"
31-->src/main/AndroidManifest.xml:15:7-39
32        android:roundIcon="@mipmap/ic_launcher_round"
32-->src/main/AndroidManifest.xml:17:7-52
33        android:theme="@style/AppTheme" >
33-->src/main/AndroidManifest.xml:19:7-38
34        <activity
34-->src/main/AndroidManifest.xml:20:7-31:18
35            android:name="com.testApp_test.MainActivity"
35-->src/main/AndroidManifest.xml:21:9-37
36            android:configChanges="keyboard|keyboardHidden|orientation|screenLayout|screenSize|smallestScreenSize|uiMode"
36-->src/main/AndroidManifest.xml:23:9-118
37            android:exported="true"
37-->src/main/AndroidManifest.xml:26:9-32
38            android:label="@string/app_name"
38-->src/main/AndroidManifest.xml:22:9-41
39            android:launchMode="singleTask"
39-->src/main/AndroidManifest.xml:24:9-40
40            android:windowSoftInputMode="adjustResize" >
40-->src/main/AndroidManifest.xml:25:9-51
41            <intent-filter>
41-->src/main/AndroidManifest.xml:27:9-30:25
42                <action android:name="android.intent.action.MAIN" />
42-->src/main/AndroidManifest.xml:28:13-65
42-->src/main/AndroidManifest.xml:28:21-62
43
44                <category android:name="android.intent.category.LAUNCHER" />
44-->src/main/AndroidManifest.xml:29:13-73
44-->src/main/AndroidManifest.xml:29:23-70
45            </intent-filter>
46        </activity>
47
48        <provider
48-->[:react-native-image-picker] AndroidManifest.xml:8:9-16:20
49            android:name="com.imagepicker.ImagePickerProvider"
49-->[:react-native-image-picker] AndroidManifest.xml:9:13-63
50            android:authorities="com.testApp_test.imagepickerprovider"
50-->[:react-native-image-picker] AndroidManifest.xml:10:13-71
51            android:exported="false"
51-->[:react-native-image-picker] AndroidManifest.xml:11:13-37
52            android:grantUriPermissions="true" >
52-->[:react-native-image-picker] AndroidManifest.xml:12:13-47
53            <meta-data
53-->[:react-native-image-picker] AndroidManifest.xml:13:13-15:70
54                android:name="android.support.FILE_PROVIDER_PATHS"
54-->[:react-native-image-picker] AndroidManifest.xml:14:17-67
55                android:resource="@xml/imagepicker_provider_paths" />
55-->[:react-native-image-picker] AndroidManifest.xml:15:17-67
56        </provider>
57        <provider
57-->[androidx.emoji2:emoji2:1.2.0] AndroidManifest.xml:24:9-32:20
58            android:name="androidx.startup.InitializationProvider"
58-->[androidx.emoji2:emoji2:1.2.0] AndroidManifest.xml:25:13-67
59            android:authorities="com.testApp_test.androidx-startup"
59-->[androidx.emoji2:emoji2:1.2.0] AndroidManifest.xml:26:13-68
60            android:exported="false" >
60-->[androidx.emoji2:emoji2:1.2.0] AndroidManifest.xml:27:13-37
61            <meta-data
61-->[androidx.emoji2:emoji2:1.2.0] AndroidManifest.xml:29:13-31:52
62                android:name="androidx.emoji2.text.EmojiCompatInitializer"
62-->[androidx.emoji2:emoji2:1.2.0] AndroidManifest.xml:30:17-75
63                android:value="androidx.startup" />
63-->[androidx.emoji2:emoji2:1.2.0] AndroidManifest.xml:31:17-49
64            <meta-data
64-->[androidx.lifecycle:lifecycle-process:2.4.1] AndroidManifest.xml:31:13-33:52
65                android:name="androidx.lifecycle.ProcessLifecycleInitializer"
65-->[androidx.lifecycle:lifecycle-process:2.4.1] AndroidManifest.xml:32:17-78
66                android:value="androidx.startup" />
66-->[androidx.lifecycle:lifecycle-process:2.4.1] AndroidManifest.xml:33:17-49
67        </provider>
68
69        <meta-data
69-->[com.facebook.soloader:soloader:0.10.5] AndroidManifest.xml:12:9-14:37
70            android:name="com.facebook.soloader.enabled"
70-->[com.facebook.soloader:soloader:0.10.5] AndroidManifest.xml:13:13-57
71            android:value="false" />
71-->[com.facebook.soloader:soloader:0.10.5] AndroidManifest.xml:14:13-34
72    </application>
73
74</manifest>